#0 building with "default" instance using docker driver

#1 [internal] load build definition from Dockerfile
#1 transferring dockerfile:
#1 transferring dockerfile: 2.19kB done
#1 DONE 0.6s

#2 [internal] load metadata for docker.io/library/golang:1.26-alpine
#2 DONE 0.3s

#3 [internal] load metadata for gcr.io/distroless/static-debian12:nonroot
#3 DONE 0.5s

#4 [internal] load .dockerignore
#4 transferring context: 2B done
#4 DONE 0.0s

#5 [internal] load build context
#5 DONE 0.0s

#6 [builder 1/6] FROM docker.io/library/golang:1.26-alpine@sha256:f23e8b227fb4493eabe03bede4d5a32d04092da71962f1fb79b5f7d1e6c2a17f
#6 resolve docker.io/library/golang:1.26-alpine@sha256:f23e8b227fb4493eabe03bede4d5a32d04092da71962f1fb79b5f7d1e6c2a17f 0.1s done
#6 DONE 0.1s

#7 [stage-1 1/2] FROM gcr.io/distroless/static-debian12:nonroot@sha256:d093aa3e30dbadd3efe1310db061a14da60299baff8450a17fe0ccc514a16639
#7 resolve gcr.io/distroless/static-debian12:nonroot@sha256:d093aa3e30dbadd3efe1310db061a14da60299baff8450a17fe0ccc514a16639
#7 resolve gcr.io/distroless/static-debian12:nonroot@sha256:d093aa3e30dbadd3efe1310db061a14da60299baff8450a17fe0ccc514a16639 0.1s done
#7 CACHED

#8 [builder 2/6] WORKDIR /app
#8 CACHED

#5 [internal] load build context
#5 transferring context: 21.00kB 0.0s done
#5 DONE 0.0s

#9 [builder 3/6] COPY go.mod go.sum ./
#9 DONE 0.1s

#10 [builder 4/6] RUN go mod download
#10 DONE 17.3s

#11 [builder 5/6] COPY . .
#11 DONE 3.7s
ERROR: failed to build: failed to solve: Canceled: context canceled
